2021-09-17 21:11:08.538  INFO 3040 --- [restartedMain] .e.DevToolsPropertyDefaultsPostProcessor : Devtools property defaults active! Set 'spring.devtools.add-properties' to 'false' to disable
2021-09-17 21:11:08.539  INFO 3040 --- [restartedMain] .e.DevToolsPropertyDefaultsPostProcessor : For additional web related logging consider setting the 'logging.level.web' property to 'DEBUG'
2021-09-17 21:11:09.417  INFO 3040 --- [restartedMain] o.s.b.w.embedded.tomcat.TomcatWebServer  : Tomcat initialized with port(s): 8080 (http)
2021-09-17 21:11:09.425  INFO 3040 --- [restartedMain] o.apache.catalina.core.StandardService   : Starting service [Tomcat]
2021-09-17 21:11:09.425  INFO 3040 --- [restartedMain] org.apache.catalina.core.StandardEngine  : Starting Servlet engine: [Apache Tomcat/9.0.52]
2021-09-17 21:11:09.478  INFO 3040 --- [restartedMain] o.a.c.c.C.[Tomcat].[localhost].[/]       : Initializing Spring embedded WebApplicationContext
2021-09-17 21:11:09.478  INFO 3040 --- [restartedMain] w.s.c.ServletWebServerApplicationContext : Root WebApplicationContext: initialization completed in 938 ms
2021-09-17 21:11:09.829  INFO 3040 --- [restartedMain] o.s.b.d.a.OptionalLiveReloadServer       : LiveReload server is running on port 35729
2021-09-17 21:11:09.855  INFO 3040 --- [restartedMain] o.s.b.w.embedded.tomcat.TomcatWebServer  : Tomcat started on port(s): 8080 (http) with context path ''
2021-09-17 21:12:09.898  INFO 3040 --- [RMI TCP Connection(2)-127.0.0.1] inMXBeanRegistrar$SpringApplicationAdmin : Application shutdown requested.
2021-09-17 21:24:50.392  INFO 3586 --- [restartedMain] .e.DevToolsPropertyDefaultsPostProcessor : Devtools property defaults active! Set 'spring.devtools.add-properties' to 'false' to disable
2021-09-17 21:24:50.394  INFO 3586 --- [restartedMain] .e.DevToolsPropertyDefaultsPostProcessor : For additional web related logging consider setting the 'logging.level.web' property to 'DEBUG'
2021-09-17 21:24:51.353  INFO 3586 --- [restartedMain] o.s.b.w.embedded.tomcat.TomcatWebServer  : Tomcat initialized with port(s): 8080 (http)
2021-09-17 21:24:51.361  INFO 3586 --- [restartedMain] o.apache.catalina.core.StandardService   : Starting service [Tomcat]
2021-09-17 21:24:51.361  INFO 3586 --- [restartedMain] org.apache.catalina.core.StandardEngine  : Starting Servlet engine: [Apache Tomcat/9.0.52]
2021-09-17 21:24:51.418  INFO 3586 --- [restartedMain] o.a.c.c.C.[Tomcat].[localhost].[/]       : Initializing Spring embedded WebApplicationContext
2021-09-17 21:24:51.419  INFO 3586 --- [restartedMain] w.s.c.ServletWebServerApplicationContext : Root WebApplicationContext: initialization completed in 1024 ms
2021-09-17 21:24:51.762  INFO 3586 --- [restartedMain] o.s.b.d.a.OptionalLiveReloadServer       : LiveReload server is running on port 35729
2021-09-17 21:24:51.787  INFO 3586 --- [restartedMain] o.s.b.w.embedded.tomcat.TomcatWebServer  : Tomcat started on port(s): 8080 (http) with context path ''
2021-09-17 21:26:20.817  INFO 3586 --- [restartedMain] o.s.b.w.embedded.tomcat.TomcatWebServer  : Tomcat initialized with port(s): 8080 (http)
2021-09-17 21:26:20.819  INFO 3586 --- [restartedMain] o.apache.catalina.core.StandardService   : Starting service [Tomcat]
2021-09-17 21:26:20.819  INFO 3586 --- [restartedMain] org.apache.catalina.core.StandardEngine  : Starting Servlet engine: [Apache Tomcat/9.0.52]
2021-09-17 21:26:20.827  INFO 3586 --- [restartedMain] o.a.c.c.C.[Tomcat].[localhost].[/]       : Initializing Spring embedded WebApplicationContext
2021-09-17 21:26:20.831  INFO 3586 --- [restartedMain] w.s.c.ServletWebServerApplicationContext : Root WebApplicationContext: initialization completed in 284 ms
2021-09-17 21:26:20.972  INFO 3586 --- [restartedMain] o.s.b.d.a.OptionalLiveReloadServer       : LiveReload server is running on port 35729
2021-09-17 21:26:20.995  INFO 3586 --- [restartedMain] o.s.b.w.embedded.tomcat.TomcatWebServer  : Tomcat started on port(s): 8080 (http) with context path ''
2021-09-17 21:26:21.013  INFO 3586 --- [restartedMain] .ConditionEvaluationDeltaLoggingListener : Condition evaluation unchanged
2021-09-17 21:26:21.088  INFO 3599 --- [restartedMain] .e.DevToolsPropertyDefaultsPostProcessor : Devtools property defaults active! Set 'spring.devtools.add-properties' to 'false' to disable
2021-09-17 21:26:21.095  INFO 3599 --- [restartedMain] .e.DevToolsPropertyDefaultsPostProcessor : For additional web related logging consider setting the 'logging.level.web' property to 'DEBUG'
2021-09-17 21:26:22.055  INFO 3599 --- [restartedMain] o.s.b.w.embedded.tomcat.TomcatWebServer  : Tomcat initialized with port(s): 8080 (http)
2021-09-17 21:26:22.064  INFO 3599 --- [restartedMain] o.apache.catalina.core.StandardService   : Starting service [Tomcat]
2021-09-17 21:26:22.064  INFO 3599 --- [restartedMain] org.apache.catalina.core.StandardEngine  : Starting Servlet engine: [Apache Tomcat/9.0.52]
2021-09-17 21:26:22.117  INFO 3599 --- [restartedMain] o.a.c.c.C.[Tomcat].[localhost].[/]       : Initializing Spring embedded WebApplicationContext
2021-09-17 21:26:22.117  INFO 3599 --- [restartedMain] w.s.c.ServletWebServerApplicationContext : Root WebApplicationContext: initialization completed in 1022 ms
2021-09-17 21:26:22.469  WARN 3599 --- [restartedMain] o.s.b.d.a.OptionalLiveReloadServer       : Unable to start LiveReload server
2021-09-17 21:26:22.487  WARN 3599 --- [restartedMain] ConfigServletWebServerApplicationContext : Exception encountered during context initialization - cancelling refresh attempt: org.springframework.context.ApplicationContextException: Failed to start bean 'webServerStartStop'; nested exception is org.springframework.boot.web.server.PortInUseException: Port 8080 is already in use
2021-09-17 21:26:22.491  INFO 3599 --- [restartedMain] o.apache.catalina.core.StandardService   : Stopping service [Tomcat]
2021-09-17 21:26:22.516  INFO 3599 --- [restartedMain] ConditionEvaluationReportLoggingListener : 

Error starting ApplicationContext. To display the conditions report re-run your application with 'debug' enabled.
2021-09-17 21:26:22.532 ERROR 3599 --- [restartedMain] o.s.b.d.LoggingFailureAnalysisReporter   : 

***************************
APPLICATION FAILED TO START
***************************

Description:

Web server failed to start. Port 8080 was already in use.

Action:

Identify and stop the process that's listening on port 8080 or configure this application to listen on another port.

2021-09-17 21:26:27.328  INFO 3586 --- [RMI TCP Connection(2)-127.0.0.1] inMXBeanRegistrar$SpringApplicationAdmin : Application shutdown requested.
2021-09-17 21:26:31.559  INFO 3602 --- [restartedMain] .e.DevToolsPropertyDefaultsPostProcessor : Devtools property defaults active! Set 'spring.devtools.add-properties' to 'false' to disable
2021-09-17 21:26:31.564  INFO 3602 --- [restartedMain] .e.DevToolsPropertyDefaultsPostProcessor : For additional web related logging consider setting the 'logging.level.web' property to 'DEBUG'
2021-09-17 21:26:32.428  INFO 3602 --- [restartedMain] o.s.b.w.embedded.tomcat.TomcatWebServer  : Tomcat initialized with port(s): 8080 (http)
2021-09-17 21:26:32.435  INFO 3602 --- [restartedMain] o.apache.catalina.core.StandardService   : Starting service [Tomcat]
2021-09-17 21:26:32.435  INFO 3602 --- [restartedMain] org.apache.catalina.core.StandardEngine  : Starting Servlet engine: [Apache Tomcat/9.0.52]
2021-09-17 21:26:32.483  INFO 3602 --- [restartedMain] o.a.c.c.C.[Tomcat].[localhost].[/]       : Initializing Spring embedded WebApplicationContext
2021-09-17 21:26:32.483  INFO 3602 --- [restartedMain] w.s.c.ServletWebServerApplicationContext : Root WebApplicationContext: initialization completed in 918 ms
2021-09-17 21:26:32.819  INFO 3602 --- [restartedMain] o.s.b.d.a.OptionalLiveReloadServer       : LiveReload server is running on port 35729
2021-09-17 21:26:32.846  INFO 3602 --- [restartedMain] o.s.b.w.embedded.tomcat.TomcatWebServer  : Tomcat started on port(s): 8080 (http) with context path ''
2021-09-17 21:26:48.618  INFO 3602 --- [RMI TCP Connection(2)-127.0.0.1] inMXBeanRegistrar$SpringApplicationAdmin : Application shutdown requested.
2021-09-17 21:28:09.953  INFO 3631 --- [restartedMain] .e.DevToolsPropertyDefaultsPostProcessor : Devtools property defaults active! Set 'spring.devtools.add-properties' to 'false' to disable
2021-09-17 21:28:09.960  INFO 3631 --- [restartedMain] .e.DevToolsPropertyDefaultsPostProcessor : For additional web related logging consider setting the 'logging.level.web' property to 'DEBUG'
2021-09-17 21:28:10.855  INFO 3631 --- [restartedMain] o.s.b.w.embedded.tomcat.TomcatWebServer  : Tomcat initialized with port(s): 8080 (http)
2021-09-17 21:28:10.862  INFO 3631 --- [restartedMain] o.apache.catalina.core.StandardService   : Starting service [Tomcat]
2021-09-17 21:28:10.863  INFO 3631 --- [restartedMain] org.apache.catalina.core.StandardEngine  : Starting Servlet engine: [Apache Tomcat/9.0.52]
2021-09-17 21:28:10.928  INFO 3631 --- [restartedMain] o.a.c.c.C.[Tomcat].[localhost].[/]       : Initializing Spring embedded WebApplicationContext
2021-09-17 21:28:10.928  INFO 3631 --- [restartedMain] w.s.c.ServletWebServerApplicationContext : Root WebApplicationContext: initialization completed in 968 ms
2021-09-17 21:28:11.299  INFO 3631 --- [restartedMain] o.s.b.d.a.OptionalLiveReloadServer       : LiveReload server is running on port 35729
2021-09-17 21:28:11.326  INFO 3631 --- [restartedMain] o.s.b.w.embedded.tomcat.TomcatWebServer  : Tomcat started on port(s): 8080 (http) with context path ''
2021-09-17 21:28:11.341  WARN 3631 --- [restartedMain] com.rubypaper.LoggingRunner              : WARN 로그 메시지
2021-09-17 21:28:11.341 ERROR 3631 --- [restartedMain] com.rubypaper.LoggingRunner              : ERROR 로그 메시지
2021-09-17 21:30:00.212  INFO 3754 --- [restartedMain] com.rubypaper.Chapter03Application       : Starting Chapter03Application using Java 15.0.2 on yunui-MacBookAir.local with PID 3754 (/Users/hayeon/github/SpringBoot/Chapter03/target/classes started by hayeon in /Users/hayeon/github/SpringBoot/Chapter03)
2021-09-17 21:30:00.213 DEBUG 3754 --- [restartedMain] com.rubypaper.Chapter03Application       : Running with Spring Boot v2.5.4, Spring v5.3.9
2021-09-17 21:30:00.213  INFO 3754 --- [restartedMain] com.rubypaper.Chapter03Application       : No active profile set, falling back to default profiles: default
2021-09-17 21:30:00.291  INFO 3754 --- [restartedMain] .e.DevToolsPropertyDefaultsPostProcessor : Devtools property defaults active! Set 'spring.devtools.add-properties' to 'false' to disable
2021-09-17 21:30:00.291  INFO 3754 --- [restartedMain] .e.DevToolsPropertyDefaultsPostProcessor : For additional web related logging consider setting the 'logging.level.web' property to 'DEBUG'
2021-09-17 21:30:00.370  INFO 3631 --- [restartedMain] com.rubypaper.Chapter03Application       : Starting Chapter03Application using Java 15.0.2 on yunui-MacBookAir.local with PID 3631 (/Users/hayeon/github/SpringBoot/Chapter03/target/classes started by hayeon in /Users/hayeon/github/SpringBoot/Chapter03)
2021-09-17 21:30:00.370 DEBUG 3631 --- [restartedMain] com.rubypaper.Chapter03Application       : Running with Spring Boot v2.5.4, Spring v5.3.9
2021-09-17 21:30:00.370  INFO 3631 --- [restartedMain] com.rubypaper.Chapter03Application       : No active profile set, falling back to default profiles: default
2021-09-17 21:30:00.688  INFO 3631 --- [restartedMain] o.s.b.w.embedded.tomcat.TomcatWebServer  : Tomcat initialized with port(s): 8080 (http)
2021-09-17 21:30:00.693  INFO 3631 --- [restartedMain] o.apache.catalina.core.StandardService   : Starting service [Tomcat]
2021-09-17 21:30:00.693  INFO 3631 --- [restartedMain] org.apache.catalina.core.StandardEngine  : Starting Servlet engine: [Apache Tomcat/9.0.52]
2021-09-17 21:30:00.700  INFO 3631 --- [restartedMain] o.a.c.c.C.[Tomcat].[localhost].[/]       : Initializing Spring embedded WebApplicationContext
2021-09-17 21:30:00.700  INFO 3631 --- [restartedMain] w.s.c.ServletWebServerApplicationContext : Root WebApplicationContext: initialization completed in 323 ms
2021-09-17 21:30:00.837  INFO 3631 --- [restartedMain] o.s.b.d.a.OptionalLiveReloadServer       : LiveReload server is running on port 35729
2021-09-17 21:30:00.846  INFO 3631 --- [restartedMain] o.s.b.w.embedded.tomcat.TomcatWebServer  : Tomcat started on port(s): 8080 (http) with context path ''
2021-09-17 21:30:00.852  INFO 3631 --- [restartedMain] com.rubypaper.Chapter03Application       : Started Chapter03Application in 0.987 seconds (JVM running for 112.252)
2021-09-17 21:30:00.854 TRACE 3631 --- [restartedMain] com.rubypaper.LoggingRunner              : TRACE 로그 메시지
2021-09-17 21:30:00.854 DEBUG 3631 --- [restartedMain] com.rubypaper.LoggingRunner              : DEBUG 로그 메시지
2021-09-17 21:30:00.854  INFO 3631 --- [restartedMain] com.rubypaper.LoggingRunner              : INFO 로그 메시지
2021-09-17 21:30:00.855  WARN 3631 --- [restartedMain] com.rubypaper.LoggingRunner              : WARN 로그 메시지
2021-09-17 21:30:00.855 ERROR 3631 --- [restartedMain] com.rubypaper.LoggingRunner              : ERROR 로그 메시지
2021-09-17 21:30:00.856  INFO 3631 --- [restartedMain] .ConditionEvaluationDeltaLoggingListener : Condition evaluation unchanged
2021-09-17 21:30:01.255  INFO 3754 --- [restartedMain] o.s.b.w.embedded.tomcat.TomcatWebServer  : Tomcat initialized with port(s): 8080 (http)
2021-09-17 21:30:01.263  INFO 3754 --- [restartedMain] o.apache.catalina.core.StandardService   : Starting service [Tomcat]
2021-09-17 21:30:01.263  INFO 3754 --- [restartedMain] org.apache.catalina.core.StandardEngine  : Starting Servlet engine: [Apache Tomcat/9.0.52]
2021-09-17 21:30:01.338  INFO 3754 --- [restartedMain] o.a.c.c.C.[Tomcat].[localhost].[/]       : Initializing Spring embedded WebApplicationContext
2021-09-17 21:30:01.338  INFO 3754 --- [restartedMain] w.s.c.ServletWebServerApplicationContext : Root WebApplicationContext: initialization completed in 1046 ms
2021-09-17 21:30:01.718  WARN 3754 --- [restartedMain] o.s.b.d.a.OptionalLiveReloadServer       : Unable to start LiveReload server
2021-09-17 21:30:01.738  WARN 3754 --- [restartedMain] ConfigServletWebServerApplicationContext : Exception encountered during context initialization - cancelling refresh attempt: org.springframework.context.ApplicationContextException: Failed to start bean 'webServerStartStop'; nested exception is org.springframework.boot.web.server.PortInUseException: Port 8080 is already in use
2021-09-17 21:30:01.741  INFO 3754 --- [restartedMain] o.apache.catalina.core.StandardService   : Stopping service [Tomcat]
2021-09-17 21:30:01.756  INFO 3754 --- [restartedMain] ConditionEvaluationReportLoggingListener : 

Error starting ApplicationContext. To display the conditions report re-run your application with 'debug' enabled.
2021-09-17 21:30:01.773 ERROR 3754 --- [restartedMain] o.s.b.d.LoggingFailureAnalysisReporter   : 

***************************
APPLICATION FAILED TO START
***************************

Description:

Web server failed to start. Port 8080 was already in use.

Action:

Identify and stop the process that's listening on port 8080 or configure this application to listen on another port.

2021-09-17 21:30:09.342  INFO 3631 --- [RMI TCP Connection(2)-127.0.0.1] inMXBeanRegistrar$SpringApplicationAdmin : Application shutdown requested.
2021-09-17 21:30:16.300  INFO 3764 --- [restartedMain] com.rubypaper.Chapter03Application       : Starting Chapter03Application using Java 15.0.2 on yunui-MacBookAir.local with PID 3764 (/Users/hayeon/github/SpringBoot/Chapter03/target/classes started by hayeon in /Users/hayeon/github/SpringBoot/Chapter03)
2021-09-17 21:30:16.304 DEBUG 3764 --- [restartedMain] com.rubypaper.Chapter03Application       : Running with Spring Boot v2.5.4, Spring v5.3.9
2021-09-17 21:30:16.305  INFO 3764 --- [restartedMain] com.rubypaper.Chapter03Application       : No active profile set, falling back to default profiles: default
2021-09-17 21:30:16.371  INFO 3764 --- [restartedMain] .e.DevToolsPropertyDefaultsPostProcessor : Devtools property defaults active! Set 'spring.devtools.add-properties' to 'false' to disable
2021-09-17 21:30:16.371  INFO 3764 --- [restartedMain] .e.DevToolsPropertyDefaultsPostProcessor : For additional web related logging consider setting the 'logging.level.web' property to 'DEBUG'
2021-09-17 21:30:17.248  INFO 3764 --- [restartedMain] o.s.b.w.embedded.tomcat.TomcatWebServer  : Tomcat initialized with port(s): 8080 (http)
2021-09-17 21:30:17.256  INFO 3764 --- [restartedMain] o.apache.catalina.core.StandardService   : Starting service [Tomcat]
2021-09-17 21:30:17.256  INFO 3764 --- [restartedMain] org.apache.catalina.core.StandardEngine  : Starting Servlet engine: [Apache Tomcat/9.0.52]
2021-09-17 21:30:17.315  INFO 3764 --- [restartedMain] o.a.c.c.C.[Tomcat].[localhost].[/]       : Initializing Spring embedded WebApplicationContext
2021-09-17 21:30:17.316  INFO 3764 --- [restartedMain] w.s.c.ServletWebServerApplicationContext : Root WebApplicationContext: initialization completed in 944 ms
2021-09-17 21:30:17.653  INFO 3764 --- [restartedMain] o.s.b.d.a.OptionalLiveReloadServer       : LiveReload server is running on port 35729
2021-09-17 21:30:17.679  INFO 3764 --- [restartedMain] o.s.b.w.embedded.tomcat.TomcatWebServer  : Tomcat started on port(s): 8080 (http) with context path ''
2021-09-17 21:30:17.699  INFO 3764 --- [restartedMain] com.rubypaper.Chapter03Application       : Started Chapter03Application in 1.776 seconds (JVM running for 2.554)
2021-09-17 21:30:17.701 TRACE 3764 --- [restartedMain] com.rubypaper.LoggingRunner              : TRACE 로그 메시지
2021-09-17 21:30:17.703 DEBUG 3764 --- [restartedMain] com.rubypaper.LoggingRunner              : DEBUG 로그 메시지
2021-09-17 21:30:17.703  INFO 3764 --- [restartedMain] com.rubypaper.LoggingRunner              : INFO 로그 메시지
2021-09-17 21:30:17.703  WARN 3764 --- [restartedMain] com.rubypaper.LoggingRunner              : WARN 로그 메시지
2021-09-17 21:30:17.703 ERROR 3764 --- [restartedMain] com.rubypaper.LoggingRunner              : ERROR 로그 메시지
